<?xml version="1.0" encoding="UTF-8"?>
<!-- Generated by org.testng.reporters.JUnitReportReporter -->
<testsuite skipped="0" hostname="Sushil" name="org.testNG_Ex1.AnnotationEx1" tests="2" failures="0" timestamp="2022-02-13T00:52:21 IST" time="0.008" errors="0">
  <testcase name="test1" time="0.006" classname="org.testNG_Ex1.AnnotationEx1"/>
  <system-out/>
  <testcase name="test2" time="0.002" classname="org.testNG_Ex1.AnnotationEx1"/>
  <system-out/>
</testsuite> <!-- org.testNG_Ex1.AnnotationEx1 -->
