<?xml version="1.0" encoding="UTF-8"?>
<!-- Generated by org.testng.reporters.JUnitReportReporter -->
<testsuite skipped="0" hostname="Sushil" name="org.testNG_Ex2.UserManagerEx" tests="3" failures="0" timestamp="2022-02-15T01:22:57 IST" time="0.011" errors="0">
  <testcase name="umTest2" time="0.001" classname="org.testNG_Ex2.UserManagerEx"/>
  <system-out/>
  <testcase name="umTest1" time="0.009" classname="org.testNG_Ex2.UserManagerEx"/>
  <system-out/>
  <testcase name="umTest3" time="0.001" classname="org.testNG_Ex2.UserManagerEx"/>
  <system-out/>
</testsuite> <!-- org.testNG_Ex2.UserManagerEx -->
