<?xml version="1.0" encoding="UTF-8"?>
<!-- Generated by org.testng.reporters.JUnitReportReporter -->
<testsuite skipped="0" hostname="Sushil" name="testNG_Ex1.Ex2" tests="8" failures="0" timestamp="2022-02-13T00:30:04 IST" time="0.020" errors="0">
  <testcase name="logoutTC" time="0.001" classname="testNG_Ex1.Ex2"/>
  <system-out/>
  <testcase name="loginTC" time="0.001" classname="testNG_Ex1.Ex2"/>
  <system-out/>
  <testcase name="createTC" time="0.002" classname="testNG_Ex1.Ex2"/>
  <system-out/>
  <testcase name="CreateTC" time="0.012" classname="testNG_Ex1.Ex2"/>
  <system-out/>
  <testcase name="updateTC" time="0.000" classname="testNG_Ex1.Ex2"/>
  <system-out/>
  <testcase name="DeleteTC" time="0.002" classname="testNG_Ex1.Ex2"/>
  <system-out/>
  <testcase name="UpdateTC" time="0.001" classname="testNG_Ex1.Ex2"/>
  <system-out/>
  <testcase name="deleteTC" time="0.001" classname="testNG_Ex1.Ex2"/>
  <system-out/>
</testsuite> <!-- testNG_Ex1.Ex2 -->
