<?xml version="1.0" encoding="UTF-8"?>
<!-- Generated by org.testng.reporters.JUnitReportReporter -->
<testsuite skipped="0" hostname="Sushil" name="org.testNG_Ex1.PriorityEx" tests="5" failures="0" timestamp="2022-02-13T00:41:29 IST" time="0.015" errors="0">
  <testcase name="loginTC" time="0.010" classname="org.testNG_Ex1.PriorityEx"/>
  <system-out/>
  <testcase name="createTC" time="0.002" classname="org.testNG_Ex1.PriorityEx"/>
  <system-out/>
  <testcase name="updateTC" time="0.001" classname="org.testNG_Ex1.PriorityEx"/>
  <system-out/>
  <testcase name="deleteTC" time="0.001" classname="org.testNG_Ex1.PriorityEx"/>
  <system-out/>
  <testcase name="logoutTC" time="0.001" classname="org.testNG_Ex1.PriorityEx"/>
  <system-out/>
</testsuite> <!-- org.testNG_Ex1.PriorityEx -->
