<?xml version="1.0" encoding="UTF-8"?>
<!-- Generated by org.testng.reporters.JUnitReportReporter -->
<testsuite skipped="0" hostname="Sushil" name="org.testNG_Ex1.BeforeAfterClassEx" tests="4" failures="0" timestamp="2022-02-13T00:56:05 IST" time="0.013" errors="0">
  <testcase name="test4" time="0.001" classname="org.testNG_Ex1.BeforeAfterClassEx"/>
  <system-out/>
  <testcase name="test1" time="0.010" classname="org.testNG_Ex1.BeforeAfterClassEx"/>
  <system-out/>
  <testcase name="test2" time="0.001" classname="org.testNG_Ex1.BeforeAfterClassEx"/>
  <system-out/>
  <testcase name="test3" time="0.001" classname="org.testNG_Ex1.BeforeAfterClassEx"/>
  <system-out/>
</testsuite> <!-- org.testNG_Ex1.BeforeAfterClassEx -->
