<?xml version="1.0" encoding="UTF-8"?>
<!-- Generated by org.testng.reporters.JUnitReportReporter -->
<testsuite skipped="0" hostname="Sushil" name="testNG_Ex1.Ex1" tests="4" failures="0" timestamp="2022-02-13T00:20:20 IST" time="0.016" errors="0">
  <testcase name="test1" time="0.011" classname="testNG_Ex1.Ex1"/>
  <system-out/>
  <testcase name="test2" time="0.002" classname="testNG_Ex1.Ex1"/>
  <system-out/>
  <testcase name="test3" time="0.001" classname="testNG_Ex1.Ex1"/>
  <system-out/>
  <testcase name="test4" time="0.002" classname="testNG_Ex1.Ex1"/>
  <system-out/>
</testsuite> <!-- testNG_Ex1.Ex1 -->
